[2020-04-21 08:31:45 -0400] [12890] [INFO] Starting gunicorn 20.0.4
[2020-04-21 08:31:45 -0400] [12890] [INFO] Listening at: https://0.0.0.0:8666 (12890)
[2020-04-21 08:31:45 -0400] [12890] [INFO] Using worker: sync
[2020-04-21 08:31:45 -0400] [12893] [INFO] Booting worker with pid: 12893
[2020-04-21 08:31:46 -0400] [12894] [INFO] Booting worker with pid: 12894
[2020-04-21 08:31:46 -0400] [12896] [INFO] Booting worker with pid: 12896
[2020-04-21 08:31:46 -0400] [12897] [INFO] Booting worker with pid: 12897
[2020-04-21 08:31:54 -0400] [12890] [INFO] Handling signal: hup
[2020-04-21 08:31:54 -0400] [12890] [INFO] Hang up: Master
[2020-04-21 08:31:54 -0400] [12905] [INFO] Booting worker with pid: 12905
[2020-04-21 08:31:54 -0400] [12906] [INFO] Booting worker with pid: 12906
[2020-04-21 08:31:54 -0400] [12907] [INFO] Booting worker with pid: 12907
[2020-04-21 08:31:54 -0400] [12908] [INFO] Booting worker with pid: 12908
[2020-04-21 08:32:25 -0400] [12890] [CRITICAL] WORKER TIMEOUT (pid:12905)
[2020-04-21 08:32:26 -0400] [12953] [INFO] Booting worker with pid: 12953
[2020-04-25 10:40:32 -0400] [12890] [CRITICAL] WORKER TIMEOUT (pid:12906)
[2020-04-25 10:40:33 -0400] [22448] [INFO] Booting worker with pid: 22448
[2020-04-25 10:40:54 -0400] [12890] [CRITICAL] WORKER TIMEOUT (pid:12908)
[2020-04-25 10:40:55 -0400] [22460] [INFO] Booting worker with pid: 22460
[2020-04-25 10:41:03 -0400] [12890] [CRITICAL] WORKER TIMEOUT (pid:22448)
[2020-04-25 10:41:04 -0400] [22472] [INFO] Booting worker with pid: 22472
[2020-04-25 10:41:18 -0400] [12890] [CRITICAL] WORKER TIMEOUT (pid:12907)
[2020-04-25 10:41:18 -0400] [12890] [CRITICAL] WORKER TIMEOUT (pid:12953)
Using TensorFlow backend.
[2020-04-25 10:41:18 -0400] [12907] [INFO] Worker exiting (pid: 12907)
[2020-04-25 10:41:19 -0400] [22480] [INFO] Booting worker with pid: 22480
[2020-04-25 10:41:19 -0400] [22481] [INFO] Booting worker with pid: 22481
[2020-04-25 10:41:49 -0400] [12890] [CRITICAL] WORKER TIMEOUT (pid:22480)
[2020-04-25 10:41:50 -0400] [22505] [INFO] Booting worker with pid: 22505
[2020-04-25 10:43:42 -0400] [12890] [CRITICAL] WORKER TIMEOUT (pid:22460)
[2020-04-25 10:43:43 -0400] [22583] [INFO] Booting worker with pid: 22583
[2020-04-25 10:44:14 -0400] [12890] [CRITICAL] WORKER TIMEOUT (pid:22481)
[2020-04-25 10:44:15 -0400] [22605] [INFO] Booting worker with pid: 22605
[2020-04-25 10:44:32 -0400] [22625] [INFO] Starting gunicorn 20.0.4
[2020-04-25 10:44:32 -0400] [22625] [INFO] Listening at: https://0.0.0.0:8666 (22625)
[2020-04-25 10:44:32 -0400] [22625] [INFO] Using worker: sync
[2020-04-25 10:44:32 -0400] [22628] [INFO] Booting worker with pid: 22628
[2020-04-25 10:44:32 -0400] [22629] [INFO] Booting worker with pid: 22629
[2020-04-25 10:44:32 -0400] [22630] [INFO] Booting worker with pid: 22630
[2020-04-25 10:44:32 -0400] [22631] [INFO] Booting worker with pid: 22631
[2020-04-25 10:45:02 -0400] [22625] [CRITICAL] WORKER TIMEOUT (pid:22628)
[2020-04-25 10:45:03 -0400] [22660] [INFO] Booting worker with pid: 22660
[2020-04-25 10:45:12 -0400] [22625] [CRITICAL] WORKER TIMEOUT (pid:22631)
[2020-04-25 10:45:13 -0400] [22667] [INFO] Booting worker with pid: 22667
[2020-04-25 10:45:34 -0400] [22625] [CRITICAL] WORKER TIMEOUT (pid:22660)
[2020-04-25 10:45:35 -0400] [22687] [INFO] Booting worker with pid: 22687
[2020-04-25 10:45:43 -0400] [22625] [CRITICAL] WORKER TIMEOUT (pid:22630)
[2020-04-25 10:45:44 -0400] [22693] [INFO] Booting worker with pid: 22693
[2020-04-25 10:52:25 -0400] [23123] [INFO] Starting gunicorn 20.0.4
[2020-04-25 10:52:25 -0400] [23123] [INFO] Listening at: https://0.0.0.0:8666 (23123)
[2020-04-25 10:52:25 -0400] [23123] [INFO] Using worker: sync
[2020-04-25 10:52:25 -0400] [23126] [INFO] Booting worker with pid: 23126
[2020-04-25 10:52:25 -0400] [23127] [INFO] Booting worker with pid: 23127
[2020-04-25 10:52:25 -0400] [23128] [INFO] Booting worker with pid: 23128
[2020-04-25 10:52:25 -0400] [23129] [INFO] Booting worker with pid: 23129
[2020-04-25 10:52:29 -0400] [23123] [INFO] Handling signal: hup
[2020-04-25 10:52:29 -0400] [23123] [INFO] Hang up: Master
[2020-04-25 10:52:29 -0400] [23143] [INFO] Booting worker with pid: 23143
[2020-04-25 10:52:29 -0400] [23144] [INFO] Booting worker with pid: 23144
[2020-04-25 10:52:29 -0400] [23146] [INFO] Booting worker with pid: 23146
[2020-04-25 10:52:29 -0400] [23145] [INFO] Booting worker with pid: 23145
Using TensorFlow backend.
[2020-04-26 03:20:16,440] ERROR in app: Exception on / [POST]
Traceback (most recent call last):
  File "/home1/user/jcf/anaconda3/lib/python3.7/site-packages/flask/app.py", line 2292, in wsgi_app
    response = self.full_dispatch_request()
  File "/home1/user/jcf/anaconda3/lib/python3.7/site-packages/flask/app.py", line 1815, in full_dispatch_request
    rv = self.handle_user_exception(e)
  File "/home1/user/jcf/anaconda3/lib/python3.7/site-packages/flask/app.py", line 1718, in handle_user_exception
    reraise(exc_type, exc_value, tb)
  File "/home1/user/jcf/anaconda3/lib/python3.7/site-packages/flask/_compat.py", line 35, in reraise
    raise value
  File "/home1/user/jcf/anaconda3/lib/python3.7/site-packages/flask/app.py", line 1813, in full_dispatch_request
    rv = self.dispatch_request()
  File "/home1/user/jcf/anaconda3/lib/python3.7/site-packages/flask/app.py", line 1799, in dispatch_request
    return self.view_functions[rule.endpoint](**req.view_args)
  File "/home1/user/jcf/root/flask/app.py", line 60, in upload_file
    except:
  File "/home1/user/jcf/anaconda3/lib/python3.7/posixpath.py", line 94, in join
    genericpath._check_arg_types('join', a, *p)
  File "/home1/user/jcf/anaconda3/lib/python3.7/genericpath.py", line 149, in _check_arg_types
    (funcname, s.__class__.__name__)) from None
TypeError: join() argument must be str or bytes, not 'NoneType'
[2020-04-26 03:20:46 -0400] [23123] [CRITICAL] WORKER TIMEOUT (pid:23146)
Using TensorFlow backend.
[2020-04-26 03:20:46 -0400] [23146] [INFO] Worker exiting (pid: 23146)
[2020-04-26 03:20:46 -0400] [31143] [INFO] Booting worker with pid: 31143
Using TensorFlow backend.
[2020-04-26 03:21:09,034] ERROR in app: Exception on / [POST]
Traceback (most recent call last):
  File "/home1/user/jcf/anaconda3/lib/python3.7/site-packages/flask/app.py", line 2292, in wsgi_app
    response = self.full_dispatch_request()
  File "/home1/user/jcf/anaconda3/lib/python3.7/site-packages/flask/app.py", line 1815, in full_dispatch_request
    rv = self.handle_user_exception(e)
  File "/home1/user/jcf/anaconda3/lib/python3.7/site-packages/flask/app.py", line 1718, in handle_user_exception
    reraise(exc_type, exc_value, tb)
  File "/home1/user/jcf/anaconda3/lib/python3.7/site-packages/flask/_compat.py", line 35, in reraise
    raise value
  File "/home1/user/jcf/anaconda3/lib/python3.7/site-packages/flask/app.py", line 1813, in full_dispatch_request
    rv = self.dispatch_request()
  File "/home1/user/jcf/anaconda3/lib/python3.7/site-packages/flask/app.py", line 1799, in dispatch_request
    return self.view_functions[rule.endpoint](**req.view_args)
  File "/home1/user/jcf/root/flask/app.py", line 60, in upload_file
    except:
  File "/home1/user/jcf/anaconda3/lib/python3.7/posixpath.py", line 94, in join
    genericpath._check_arg_types('join', a, *p)
  File "/home1/user/jcf/anaconda3/lib/python3.7/genericpath.py", line 149, in _check_arg_types
    (funcname, s.__class__.__name__)) from None
TypeError: join() argument must be str or bytes, not 'NoneType'
[2020-04-26 03:21:19,869] ERROR in app: Exception on / [POST]
Traceback (most recent call last):
  File "/home1/user/jcf/anaconda3/lib/python3.7/site-packages/flask/app.py", line 2292, in wsgi_app
    response = self.full_dispatch_request()
  File "/home1/user/jcf/anaconda3/lib/python3.7/site-packages/flask/app.py", line 1815, in full_dispatch_request
    rv = self.handle_user_exception(e)
  File "/home1/user/jcf/anaconda3/lib/python3.7/site-packages/flask/app.py", line 1718, in handle_user_exception
    reraise(exc_type, exc_value, tb)
  File "/home1/user/jcf/anaconda3/lib/python3.7/site-packages/flask/_compat.py", line 35, in reraise
    raise value
  File "/home1/user/jcf/anaconda3/lib/python3.7/site-packages/flask/app.py", line 1813, in full_dispatch_request
    rv = self.dispatch_request()
  File "/home1/user/jcf/anaconda3/lib/python3.7/site-packages/flask/app.py", line 1799, in dispatch_request
    return self.view_functions[rule.endpoint](**req.view_args)
  File "/home1/user/jcf/root/flask/app.py", line 60, in upload_file
    except:
  File "/home1/user/jcf/anaconda3/lib/python3.7/posixpath.py", line 94, in join
    genericpath._check_arg_types('join', a, *p)
  File "/home1/user/jcf/anaconda3/lib/python3.7/genericpath.py", line 149, in _check_arg_types
    (funcname, s.__class__.__name__)) from None
TypeError: join() argument must be str or bytes, not 'NoneType'
[2020-04-26 03:21:59 -0400] [31195] [INFO] Starting gunicorn 20.0.4
[2020-04-26 03:21:59 -0400] [31195] [INFO] Listening at: https://0.0.0.0:8666 (31195)
[2020-04-26 03:21:59 -0400] [31195] [INFO] Using worker: sync
[2020-04-26 03:21:59 -0400] [31198] [INFO] Booting worker with pid: 31198
[2020-04-26 03:21:59 -0400] [31199] [INFO] Booting worker with pid: 31199
[2020-04-26 03:21:59 -0400] [31200] [INFO] Booting worker with pid: 31200
[2020-04-26 03:21:59 -0400] [31201] [INFO] Booting worker with pid: 31201
[2020-04-26 03:22:30 -0400] [31195] [CRITICAL] WORKER TIMEOUT (pid:31199)
[2020-04-26 03:22:31 -0400] [31228] [INFO] Booting worker with pid: 31228
[2020-04-26 03:22:33 -0400] [31195] [CRITICAL] WORKER TIMEOUT (pid:31200)
Using TensorFlow backend.
[2020-04-26 03:22:33 -0400] [31200] [INFO] Worker exiting (pid: 31200)
[2020-04-26 03:22:33 -0400] [31231] [INFO] Booting worker with pid: 31231
[2020-04-26 03:23:05 -0400] [31195] [CRITICAL] WORKER TIMEOUT (pid:31231)
[2020-04-26 03:23:06 -0400] [31255] [INFO] Booting worker with pid: 31255
[2020-04-26 03:23:09 -0400] [31195] [CRITICAL] WORKER TIMEOUT (pid:31201)
Using TensorFlow backend.
[2020-04-26 03:23:09 -0400] [31201] [INFO] Worker exiting (pid: 31201)
[2020-04-26 03:23:09 -0400] [31264] [INFO] Booting worker with pid: 31264
[2020-04-26 03:23:39 -0400] [31195] [CRITICAL] WORKER TIMEOUT (pid:31264)
[2020-04-26 03:23:40 -0400] [31287] [INFO] Booting worker with pid: 31287
[2020-04-26 03:23:44 -0400] [31195] [CRITICAL] WORKER TIMEOUT (pid:31198)
Using TensorFlow backend.
[2020-04-26 03:23:44 -0400] [31198] [INFO] Worker exiting (pid: 31198)
[2020-04-26 03:23:45 -0400] [31291] [INFO] Booting worker with pid: 31291
[2020-04-26 03:28:16 -0400] [31560] [INFO] Starting gunicorn 20.0.4
[2020-04-26 03:28:16 -0400] [31560] [INFO] Listening at: https://0.0.0.0:8666 (31560)
[2020-04-26 03:28:16 -0400] [31560] [INFO] Using worker: sync
[2020-04-26 03:28:16 -0400] [31563] [INFO] Booting worker with pid: 31563
[2020-04-26 03:28:16 -0400] [31564] [INFO] Booting worker with pid: 31564
[2020-04-26 03:28:16 -0400] [31565] [INFO] Booting worker with pid: 31565
[2020-04-26 03:28:16 -0400] [31566] [INFO] Booting worker with pid: 31566
Using TensorFlow backend.
[2020-04-26 03:28:28,009] ERROR in app: Exception on / [POST]
Traceback (most recent call last):
  File "/home1/user/jcf/anaconda3/lib/python3.7/site-packages/flask/app.py", line 2292, in wsgi_app
    response = self.full_dispatch_request()
  File "/home1/user/jcf/anaconda3/lib/python3.7/site-packages/flask/app.py", line 1815, in full_dispatch_request
    rv = self.handle_user_exception(e)
  File "/home1/user/jcf/anaconda3/lib/python3.7/site-packages/flask/app.py", line 1718, in handle_user_exception
    reraise(exc_type, exc_value, tb)
  File "/home1/user/jcf/anaconda3/lib/python3.7/site-packages/flask/_compat.py", line 35, in reraise
    raise value
  File "/home1/user/jcf/anaconda3/lib/python3.7/site-packages/flask/app.py", line 1813, in full_dispatch_request
    rv = self.dispatch_request()
  File "/home1/user/jcf/anaconda3/lib/python3.7/site-packages/flask/app.py", line 1799, in dispatch_request
    return self.view_functions[rule.endpoint](**req.view_args)
  File "/home1/user/jcf/root/flask/app.py", line 63, in upload_file
    result = runModel.getResult(os.path.join(app.config['UPLOAD_FOLDER'], filename))
  File "/home1/user/jcf/root/flask/runModel.py", line 33, in getResult
    newModel = load_model('20200203.model')
  File "/home1/user/jcf/anaconda3/lib/python3.7/site-packages/keras/models.py", line 240, in load_model
    model = model_from_config(model_config, custom_objects=custom_objects)
  File "/home1/user/jcf/anaconda3/lib/python3.7/site-packages/keras/models.py", line 314, in model_from_config
    return layer_module.deserialize(config, custom_objects=custom_objects)
  File "/home1/user/jcf/anaconda3/lib/python3.7/site-packages/keras/layers/__init__.py", line 55, in deserialize
    printable_module_name='layer')
  File "/home1/user/jcf/anaconda3/lib/python3.7/site-packages/keras/utils/generic_utils.py", line 139, in deserialize_keras_object
    list(custom_objects.items())))
  File "/home1/user/jcf/anaconda3/lib/python3.7/site-packages/keras/models.py", line 1310, in from_config
    if 'class_name' not in config[0] or config[0]['class_name'] == 'Merge':
KeyError: 0
[2020-04-26 03:28:57 -0400] [31597] [INFO] Starting gunicorn 20.0.4
[2020-04-26 03:28:57 -0400] [31597] [INFO] Listening at: https://0.0.0.0:8666 (31597)
[2020-04-26 03:28:57 -0400] [31597] [INFO] Using worker: sync
[2020-04-26 03:28:57 -0400] [31600] [INFO] Booting worker with pid: 31600
[2020-04-26 03:28:57 -0400] [31601] [INFO] Booting worker with pid: 31601
[2020-04-26 03:28:57 -0400] [31602] [INFO] Booting worker with pid: 31602
[2020-04-26 03:28:57 -0400] [31603] [INFO] Booting worker with pid: 31603
[2020-04-26 03:29:27 -0400] [31597] [CRITICAL] WORKER TIMEOUT (pid:31600)
[2020-04-26 03:29:28 -0400] [31629] [INFO] Booting worker with pid: 31629
[2020-04-26 03:29:45 -0400] [31597] [CRITICAL] WORKER TIMEOUT (pid:31602)
Using TensorFlow backend.
[2020-04-26 03:29:45 -0400] [31602] [INFO] Worker exiting (pid: 31602)
[2020-04-26 03:29:45 -0400] [31645] [INFO] Booting worker with pid: 31645
[2020-04-26 03:29:59 -0400] [31597] [CRITICAL] WORKER TIMEOUT (pid:31629)
[2020-04-26 03:30:00 -0400] [31658] [INFO] Booting worker with pid: 31658
[2020-04-26 03:30:16 -0400] [31597] [CRITICAL] WORKER TIMEOUT (pid:31645)
[2020-04-26 03:30:17 -0400] [31674] [INFO] Booting worker with pid: 31674
[2020-04-26 03:30:31 -0400] [31597] [CRITICAL] WORKER TIMEOUT (pid:31658)
[2020-04-26 03:30:32 -0400] [31683] [INFO] Booting worker with pid: 31683
[2020-04-26 03:30:47 -0400] [31597] [CRITICAL] WORKER TIMEOUT (pid:31674)
[2020-04-26 03:30:48 -0400] [31699] [INFO] Booting worker with pid: 31699
[2020-04-26 03:31:03 -0400] [31597] [CRITICAL] WORKER TIMEOUT (pid:31683)
[2020-04-26 03:31:04 -0400] [31709] [INFO] Booting worker with pid: 31709
[2020-04-26 03:31:19 -0400] [31597] [CRITICAL] WORKER TIMEOUT (pid:31699)
[2020-04-26 03:31:20 -0400] [31725] [INFO] Booting worker with pid: 31725
[2020-04-26 03:31:34 -0400] [31597] [CRITICAL] WORKER TIMEOUT (pid:31709)
[2020-04-26 03:31:35 -0400] [31734] [INFO] Booting worker with pid: 31734
[2020-04-26 03:31:51 -0400] [31597] [CRITICAL] WORKER TIMEOUT (pid:31725)
[2020-04-26 03:31:52 -0400] [31750] [INFO] Booting worker with pid: 31750
[2020-04-26 03:32:06 -0400] [31597] [CRITICAL] WORKER TIMEOUT (pid:31734)
[2020-04-26 03:32:07 -0400] [31760] [INFO] Booting worker with pid: 31760
[2020-04-26 03:32:22 -0400] [31597] [CRITICAL] WORKER TIMEOUT (pid:31750)
[2020-04-26 03:32:23 -0400] [31776] [INFO] Booting worker with pid: 31776
[2020-04-26 03:32:38 -0400] [31597] [CRITICAL] WORKER TIMEOUT (pid:31760)
[2020-04-26 03:32:39 -0400] [31791] [INFO] Booting worker with pid: 31791
[2020-04-26 03:32:54 -0400] [31597] [CRITICAL] WORKER TIMEOUT (pid:31776)
[2020-04-26 03:32:55 -0400] [31801] [INFO] Booting worker with pid: 31801
[2020-04-26 03:33:09 -0400] [31597] [CRITICAL] WORKER TIMEOUT (pid:31791)
[2020-04-26 03:33:10 -0400] [31817] [INFO] Booting worker with pid: 31817
[2020-04-26 03:33:26 -0400] [31597] [CRITICAL] WORKER TIMEOUT (pid:31801)
[2020-04-26 03:33:27 -0400] [31827] [INFO] Booting worker with pid: 31827
[2020-04-26 03:33:41 -0400] [31597] [CRITICAL] WORKER TIMEOUT (pid:31817)
[2020-04-26 03:33:42 -0400] [31842] [INFO] Booting worker with pid: 31842
[2020-04-26 03:33:57 -0400] [31597] [CRITICAL] WORKER TIMEOUT (pid:31827)
[2020-04-26 03:33:58 -0400] [31852] [INFO] Booting worker with pid: 31852
[2020-04-26 03:34:13 -0400] [31597] [CRITICAL] WORKER TIMEOUT (pid:31842)
[2020-04-26 03:34:14 -0400] [31868] [INFO] Booting worker with pid: 31868
[2020-04-26 03:34:29 -0400] [31597] [CRITICAL] WORKER TIMEOUT (pid:31852)
[2020-04-26 03:34:30 -0400] [31878] [INFO] Booting worker with pid: 31878
[2020-04-26 03:34:44 -0400] [31597] [CRITICAL] WORKER TIMEOUT (pid:31868)
[2020-04-26 03:34:45 -0400] [31893] [INFO] Booting worker with pid: 31893
[2020-04-26 03:35:00 -0400] [31597] [CRITICAL] WORKER TIMEOUT (pid:31878)
[2020-04-26 03:35:01 -0400] [31906] [INFO] Booting worker with pid: 31906
[2020-04-26 03:35:16 -0400] [31597] [CRITICAL] WORKER TIMEOUT (pid:31893)
[2020-04-26 03:35:17 -0400] [31922] [INFO] Booting worker with pid: 31922
[2020-04-26 03:35:32 -0400] [31597] [CRITICAL] WORKER TIMEOUT (pid:31906)
[2020-04-26 03:35:33 -0400] [31932] [INFO] Booting worker with pid: 31932
[2020-04-26 03:35:47 -0400] [31597] [CRITICAL] WORKER TIMEOUT (pid:31922)
[2020-04-26 03:35:48 -0400] [31947] [INFO] Booting worker with pid: 31947
[2020-04-26 03:36:04 -0400] [31597] [CRITICAL] WORKER TIMEOUT (pid:31932)
[2020-04-26 03:36:05 -0400] [31957] [INFO] Booting worker with pid: 31957
[2020-04-26 03:36:19 -0400] [31597] [CRITICAL] WORKER TIMEOUT (pid:31947)
[2020-04-26 03:36:20 -0400] [31973] [INFO] Booting worker with pid: 31973
[2020-04-26 03:36:35 -0400] [31597] [CRITICAL] WORKER TIMEOUT (pid:31957)
[2020-04-26 03:36:36 -0400] [31983] [INFO] Booting worker with pid: 31983
[2020-04-26 03:36:51 -0400] [31597] [CRITICAL] WORKER TIMEOUT (pid:31973)
[2020-04-26 03:36:52 -0400] [31998] [INFO] Booting worker with pid: 31998
[2020-04-26 03:37:07 -0400] [31597] [CRITICAL] WORKER TIMEOUT (pid:31983)
[2020-04-26 03:37:08 -0400] [32015] [INFO] Booting worker with pid: 32015
[2020-04-26 03:37:22 -0400] [31597] [CRITICAL] WORKER TIMEOUT (pid:31998)
[2020-04-26 03:37:23 -0400] [32025] [INFO] Booting worker with pid: 32025
[2020-04-26 03:37:39 -0400] [31597] [CRITICAL] WORKER TIMEOUT (pid:32015)
[2020-04-26 03:37:40 -0400] [32041] [INFO] Booting worker with pid: 32041
[2020-04-26 03:37:54 -0400] [31597] [CRITICAL] WORKER TIMEOUT (pid:32025)
[2020-04-26 03:37:55 -0400] [32050] [INFO] Booting worker with pid: 32050
[2020-04-26 03:38:10 -0400] [31597] [CRITICAL] WORKER TIMEOUT (pid:32041)
[2020-04-26 03:38:11 -0400] [32066] [INFO] Booting worker with pid: 32066
[2020-04-26 03:38:26 -0400] [31597] [CRITICAL] WORKER TIMEOUT (pid:32050)
[2020-04-26 03:38:27 -0400] [32094] [INFO] Booting worker with pid: 32094
